<?xml version="1.0" encoding="UTF-8"?>
<!-- Generated by org.testng.reporters.JUnitReportReporter -->
<testsuite hostname="DESKTOP-ET3V8KL" failures="0" tests="1" name="Demo" time="0.013" errors="0" timestamp="02 Sep 2020 06:50:47 GMT" skipped="0">
  <testcase classname="Demo" name="run" time="0.013"/>
</testsuite> <!-- Demo -->
