<?xml version="1.0" encoding="UTF-8"?>
<!-- Generated by org.testng.reporters.JUnitReportReporter -->
<testsuite hostname="DESKTOP-ET3V8KL" failures="0" tests="1" name="com.fekeyword.testcases.Keywordtestcases" time="0.922" errors="0" timestamp="10 Sep 2020 16:35:46 GMT" skipped="0">
  <testcase classname="com.fekeyword.testcases.Keywordtestcases" name="verifySuccessfullyLogOut" time="0.922"/>
</testsuite> <!-- com.fekeyword.testcases.Keywordtestcases -->
